<?xml version="1.0" encoding="UTF-8"?>
<!-- Generated by org.testng.reporters.JUnitReportReporter -->
<testsuite hostname="DESKTOP-6A0D3A8" failures="0" tests="1" name="io.ueat.www.tests.ClientCreationTests" time="9.553" errors="0" timestamp="2022-03-19T15:54:33 EDT" skipped="0">
  <testcase classname="io.ueat.www.tests.ClientCreationTests" name="createClient" time="9.553"/>
  <system-out/>
</testsuite> <!-- io.ueat.www.tests.ClientCreationTests -->
